<?xml version="1.0" encoding="UTF-8"?>
<!-- Generated by org.testng.reporters.JUnitReportReporter -->
<testsuite skipped="0" hostname="mau-VirtualBox" name="pricesComparator" tests="4" failures="0" timestamp="2021-04-12T14:10:54 CST" time="231.154" errors="0">
  <testcase name="pricesComparatorTest" time="71.680" classname="pricesComparator"/>
  <testcase name="pricesComparatorTest" time="43.655" classname="pricesComparator"/>
  <testcase name="pricesComparatorTest" time="68.090" classname="pricesComparator"/>
  <testcase name="pricesComparatorTest" time="47.729" classname="pricesComparator"/>
</testsuite> <!-- pricesComparator -->
