<?xml version="1.0" encoding="UTF-8"?>
<!-- Generated by org.testng.reporters.JUnitReportReporter -->
<testsuite skipped="0" hostname="mau-VirtualBox" name="AddToCart" tests="2" failures="0" timestamp="2021-05-23T19:29:53 CST" time="72.153" errors="0">
  <testcase name="AddToCart" time="42.472" classname="AddToCart"/>
  <testcase name="AddToCart" time="29.681" classname="AddToCart"/>
</testsuite> <!-- AddToCart -->
